[ 2014-02-27T18:05:02+08:00 ] 127.0.0.1 /php/weixin_volunteer/index.php/Active/newest_active
INFO: [ route_check ] --START--
INFO: Run CheckRoute Behavior [ RunTime:0.008719s ]
INFO: [ route_check ] --END-- [ RunTime:0.010637s ]
INFO: [ app_begin ] --START--
INFO: Run ReadHtmlCache Behavior [ RunTime:0.004864s ]
INFO: [ app_begin ] --END-- [ RunTime:0.010819s ]
SQL: SHOW COLUMNS FROM `t_active` [ RunTime:0.012130s ]
SQL: SELECT * FROM `t_active` ORDER BY date_time_start DESC LIMIT 5   [ RunTime:0.002119s ]
INFO: [ view_template ] --START--
INFO: Run LocationTemplate Behavior [ RunTime:0.005285s ]
INFO: [ view_template ] --END-- [ RunTime:0.007594s ]
INFO: [ view_parse ] --START--
INFO: Run ParseTemplate Behavior [ RunTime:0.094676s ]
INFO: [ view_parse ] --END-- [ RunTime:0.097098s ]
INFO: [ view_filter ] --START--
INFO: Run ContentReplace Behavior [ RunTime:0.004838s ]
INFO: Run TokenBuild Behavior [ RunTime:0.006675s ]
INFO: Run WriteHtmlCache Behavior [ RunTime:0.002734s ]
INFO: Run ShowRuntime Behavior [ RunTime:0.006154s ]
INFO: [ view_filter ] --END-- [ RunTime:0.026717s ]
INFO: [ view_end ] --START--
INFO: Run ShowPageTrace Behavior [ RunTime:0.005272s ]
INFO: [ view_end ] --END-- [ RunTime:0.007174s ]

[ 2014-02-27T18:05:16+08:00 ] 127.0.0.1 /php/weixin_volunteer/index.php/Active/newest_active
INFO: [ route_check ] --START--
INFO: Run CheckRoute Behavior [ RunTime:0.005621s ]
INFO: [ route_check ] --END-- [ RunTime:0.009590s ]
INFO: [ app_begin ] --START--
INFO: Run ReadHtmlCache Behavior [ RunTime:0.006707s ]
INFO: [ app_begin ] --END-- [ RunTime:0.009266s ]
SQL: SHOW COLUMNS FROM `t_active` [ RunTime:0.014770s ]
SQL: SELECT * FROM `t_active` ORDER BY date_time_start DESC LIMIT 5   [ RunTime:0.001991s ]
INFO: [ view_template ] --START--
INFO: Run LocationTemplate Behavior [ RunTime:0.004824s ]
INFO: [ view_template ] --END-- [ RunTime:0.007595s ]
INFO: [ view_parse ] --START--
INFO: Run ParseTemplate Behavior [ RunTime:0.125581s ]
INFO: [ view_parse ] --END-- [ RunTime:0.128440s ]
INFO: [ view_filter ] --START--
INFO: Run ContentReplace Behavior [ RunTime:0.004276s ]
INFO: Run TokenBuild Behavior [ RunTime:0.006160s ]
INFO: Run WriteHtmlCache Behavior [ RunTime:0.002880s ]
INFO: Run ShowRuntime Behavior [ RunTime:0.008220s ]
INFO: [ view_filter ] --END-- [ RunTime:0.030142s ]
INFO: [ view_end ] --START--
INFO: Run ShowPageTrace Behavior [ RunTime:0.006913s ]
INFO: [ view_end ] --END-- [ RunTime:0.009402s ]

[ 2014-02-27T18:06:17+08:00 ] 127.0.0.1 /php/weixin_volunteer/index.php/Active/newest_active
INFO: [ route_check ] --START--
INFO: Run CheckRoute Behavior [ RunTime:0.009767s ]
INFO: [ route_check ] --END-- [ RunTime:0.012927s ]
INFO: [ app_begin ] --START--
INFO: Run ReadHtmlCache Behavior [ RunTime:0.005191s ]
INFO: [ app_begin ] --END-- [ RunTime:0.011945s ]
SQL: SHOW COLUMNS FROM `t_active` [ RunTime:0.012789s ]
SQL: SELECT * FROM `t_active` ORDER BY date_time_start DESC LIMIT 5   [ RunTime:0.001303s ]
INFO: [ view_template ] --START--
INFO: Run LocationTemplate Behavior [ RunTime:0.004650s ]
INFO: [ view_template ] --END-- [ RunTime:0.006480s ]
INFO: [ view_parse ] --START--
INFO: Run ParseTemplate Behavior [ RunTime:0.088528s ]
INFO: [ view_parse ] --END-- [ RunTime:0.090934s ]
INFO: [ view_filter ] --START--
INFO: Run ContentReplace Behavior [ RunTime:0.004616s ]
INFO: Run TokenBuild Behavior [ RunTime:0.004902s ]
INFO: Run WriteHtmlCache Behavior [ RunTime:0.002713s ]
INFO: Run ShowRuntime Behavior [ RunTime:0.007989s ]
INFO: [ view_filter ] --END-- [ RunTime:0.025462s ]
INFO: [ view_end ] --START--
INFO: Run ShowPageTrace Behavior [ RunTime:0.005108s ]
INFO: [ view_end ] --END-- [ RunTime:0.007113s ]

[ 2014-02-27T18:06:20+08:00 ] 127.0.0.1 /php/weixin_volunteer/index.php/Active/newest_active
INFO: [ route_check ] --START--
INFO: Run CheckRoute Behavior [ RunTime:0.008893s ]
INFO: [ route_check ] --END-- [ RunTime:0.012803s ]
INFO: [ app_begin ] --START--
INFO: Run ReadHtmlCache Behavior [ RunTime:0.005510s ]
INFO: [ app_begin ] --END-- [ RunTime:0.008208s ]
SQL: SHOW COLUMNS FROM `t_active` [ RunTime:0.012135s ]
SQL: SELECT * FROM `t_active` ORDER BY date_time_start DESC LIMIT 5   [ RunTime:0.001549s ]
INFO: [ view_template ] --START--
INFO: Run LocationTemplate Behavior [ RunTime:0.006563s ]
INFO: [ view_template ] --END-- [ RunTime:0.008499s ]
INFO: [ view_parse ] --START--
INFO: Run ParseTemplate Behavior [ RunTime:0.105979s ]
INFO: [ view_parse ] --END-- [ RunTime:0.108596s ]
INFO: [ view_filter ] --START--
INFO: Run ContentReplace Behavior [ RunTime:0.003740s ]
INFO: Run TokenBuild Behavior [ RunTime:0.004605s ]
INFO: Run WriteHtmlCache Behavior [ RunTime:0.007493s ]
INFO: Run ShowRuntime Behavior [ RunTime:0.006508s ]
INFO: [ view_filter ] --END-- [ RunTime:0.027874s ]
INFO: [ view_end ] --START--
INFO: Run ShowPageTrace Behavior [ RunTime:0.024823s ]
INFO: [ view_end ] --END-- [ RunTime:0.033312s ]

[ 2014-02-27T18:06:29+08:00 ] 127.0.0.1 /php/weixin_volunteer/index.php/Active/newest_active
INFO: [ route_check ] --START--
INFO: Run CheckRoute Behavior [ RunTime:0.003810s ]
INFO: [ route_check ] --END-- [ RunTime:0.006455s ]
INFO: [ app_begin ] --START--
INFO: Run ReadHtmlCache Behavior [ RunTime:0.005195s ]
INFO: [ app_begin ] --END-- [ RunTime:0.007465s ]
SQL: SHOW COLUMNS FROM `t_active` [ RunTime:0.010317s ]
SQL: SELECT * FROM `t_active` ORDER BY date_time_start DESC LIMIT 5   [ RunTime:0.001387s ]
INFO: [ view_template ] --START--
INFO: Run LocationTemplate Behavior [ RunTime:0.003163s ]
INFO: [ view_template ] --END-- [ RunTime:0.004776s ]
INFO: [ view_parse ] --START--
INFO: Run ParseTemplate Behavior [ RunTime:0.068493s ]
INFO: [ view_parse ] --END-- [ RunTime:0.070018s ]
INFO: [ view_filter ] --START--
INFO: Run ContentReplace Behavior [ RunTime:0.002837s ]
INFO: Run TokenBuild Behavior [ RunTime:0.003224s ]
INFO: Run WriteHtmlCache Behavior [ RunTime:0.002730s ]
INFO: Run ShowRuntime Behavior [ RunTime:0.004334s ]
INFO: [ view_filter ] --END-- [ RunTime:0.017422s ]
INFO: [ view_end ] --START--
INFO: Run ShowPageTrace Behavior [ RunTime:0.006972s ]
INFO: [ view_end ] --END-- [ RunTime:0.009493s ]

[ 2014-02-27T18:19:07+08:00 ] 127.0.0.1 /php/weixin_volunteer/index.php/Active/newest_active
INFO: [ route_check ] --START--
INFO: Run CheckRoute Behavior [ RunTime:0.008522s ]
INFO: [ route_check ] --END-- [ RunTime:0.011083s ]
INFO: [ app_begin ] --START--
INFO: Run ReadHtmlCache Behavior [ RunTime:0.007107s ]
INFO: [ app_begin ] --END-- [ RunTime:0.010021s ]
SQL: SHOW COLUMNS FROM `t_active` [ RunTime:0.014687s ]
SQL: SELECT * FROM `t_active` ORDER BY date_time_start DESC LIMIT 5   [ RunTime:0.001527s ]
INFO: [ view_template ] --START--
INFO: Run LocationTemplate Behavior [ RunTime:0.005389s ]
INFO: [ view_template ] --END-- [ RunTime:0.007353s ]
INFO: [ view_parse ] --START--
INFO: Run ParseTemplate Behavior [ RunTime:0.110514s ]
INFO: [ view_parse ] --END-- [ RunTime:0.112740s ]
INFO: [ view_filter ] --START--
INFO: Run ContentReplace Behavior [ RunTime:0.004421s ]
INFO: Run TokenBuild Behavior [ RunTime:0.009165s ]
INFO: Run WriteHtmlCache Behavior [ RunTime:0.003358s ]
INFO: Run ShowRuntime Behavior [ RunTime:0.008954s ]
INFO: [ view_filter ] --END-- [ RunTime:0.031989s ]
INFO: [ view_end ] --START--
INFO: Run ShowPageTrace Behavior [ RunTime:0.005243s ]
INFO: [ view_end ] --END-- [ RunTime:0.014011s ]

[ 2014-02-27T18:19:09+08:00 ] 127.0.0.1 /php/weixin_volunteer/index.php/Active/active_detail?a_id=6
INFO: [ route_check ] --START--
INFO: Run CheckRoute Behavior [ RunTime:0.019629s ]
INFO: [ route_check ] --END-- [ RunTime:0.022533s ]
INFO: [ app_begin ] --START--
INFO: Run ReadHtmlCache Behavior [ RunTime:0.007416s ]
INFO: [ app_begin ] --END-- [ RunTime:0.010135s ]
SQL: SHOW COLUMNS FROM `t_active` [ RunTime:0.011377s ]
SQL: SELECT * FROM `t_active` WHERE ( a_id=6 ) LIMIT 1   [ RunTime:0.001165s ]
SQL: SHOW COLUMNS FROM `t_volun_group` [ RunTime:0.027522s ]
SQL: SELECT * FROM `t_volun_group` WHERE ( `a_id` = 6 ) AND ( `volun_id` = 'ZYBS20140121' ) AND ( `volun_join_id` = 'ZYBS20140120' ) LIMIT 1   [ RunTime:0.005366s ]
SQL: SELECT COUNT(*) AS tp_count FROM `t_volun_group` WHERE ( a_id=6 ) LIMIT 1   [ RunTime:0.002185s ]
INFO: [ view_template ] --START--
INFO: Run LocationTemplate Behavior [ RunTime:0.005030s ]
INFO: [ view_template ] --END-- [ RunTime:0.007631s ]
INFO: [ view_parse ] --START--
INFO: Run ParseTemplate Behavior [ RunTime:0.187844s ]
INFO: [ view_parse ] --END-- [ RunTime:0.189827s ]
INFO: [ view_filter ] --START--
INFO: Run ContentReplace Behavior [ RunTime:0.004573s ]
INFO: Run TokenBuild Behavior [ RunTime:0.005915s ]
INFO: Run WriteHtmlCache Behavior [ RunTime:0.005912s ]
INFO: Run ShowRuntime Behavior [ RunTime:0.007031s ]
INFO: [ view_filter ] --END-- [ RunTime:0.029108s ]
INFO: [ view_end ] --START--
INFO: Run ShowPageTrace Behavior [ RunTime:0.005232s ]
INFO: [ view_end ] --END-- [ RunTime:0.007221s ]

[ 2014-02-27T18:19:10+08:00 ] ERR: (ThinkException) 非法操作:$res['pic']
[ 2014-02-27T18:20:05+08:00 ] 127.0.0.1 /php/weixin_volunteer/index.php/Active/active_detail?a_id=6
INFO: [ route_check ] --START--
INFO: Run CheckRoute Behavior [ RunTime:0.008341s ]
INFO: [ route_check ] --END-- [ RunTime:0.012844s ]
INFO: [ app_begin ] --START--
INFO: Run ReadHtmlCache Behavior [ RunTime:0.007179s ]
INFO: [ app_begin ] --END-- [ RunTime:0.010296s ]
SQL: SHOW COLUMNS FROM `t_active` [ RunTime:0.015131s ]
SQL: SELECT * FROM `t_active` WHERE ( a_id=6 ) LIMIT 1   [ RunTime:0.001444s ]
SQL: SHOW COLUMNS FROM `t_volun_group` [ RunTime:0.011401s ]
SQL: SELECT * FROM `t_volun_group` WHERE ( `a_id` = 6 ) AND ( `volun_id` = 'ZYBS20140121' ) AND ( `volun_join_id` = 'ZYBS20140120' ) LIMIT 1   [ RunTime:0.001070s ]
SQL: SELECT COUNT(*) AS tp_count FROM `t_volun_group` WHERE ( a_id=6 ) LIMIT 1   [ RunTime:0.001201s ]
INFO: [ view_template ] --START--
INFO: Run LocationTemplate Behavior [ RunTime:0.003514s ]
INFO: [ view_template ] --END-- [ RunTime:0.005383s ]
INFO: [ view_parse ] --START--
INFO: Run ParseTemplate Behavior [ RunTime:0.169187s ]
INFO: [ view_parse ] --END-- [ RunTime:0.173107s ]
INFO: [ view_filter ] --START--
INFO: Run ContentReplace Behavior [ RunTime:0.003700s ]
INFO: Run TokenBuild Behavior [ RunTime:0.005029s ]
INFO: Run WriteHtmlCache Behavior [ RunTime:0.002251s ]
INFO: Run ShowRuntime Behavior [ RunTime:0.006256s ]
INFO: [ view_filter ] --END-- [ RunTime:0.022866s ]
INFO: [ view_end ] --START--
INFO: Run ShowPageTrace Behavior [ RunTime:0.004367s ]
INFO: [ view_end ] --END-- [ RunTime:0.006374s ]

[ 2014-02-27T18:21:33+08:00 ] 127.0.0.1 /php/weixin_volunteer/index.php/Active/active_detail?a_id=8
INFO: [ route_check ] --START--
INFO: Run CheckRoute Behavior [ RunTime:0.007831s ]
INFO: [ route_check ] --END-- [ RunTime:0.010272s ]
INFO: [ app_begin ] --START--
INFO: Run ReadHtmlCache Behavior [ RunTime:0.008182s ]
INFO: [ app_begin ] --END-- [ RunTime:0.011975s ]
SQL: SHOW COLUMNS FROM `t_active` [ RunTime:0.015939s ]
SQL: SELECT * FROM `t_active` WHERE ( a_id=8 ) LIMIT 1   [ RunTime:0.001524s ]
SQL: SHOW COLUMNS FROM `t_volun_group` [ RunTime:0.019541s ]
SQL: SELECT * FROM `t_volun_group` WHERE ( `a_id` = 8 ) AND ( `volun_id` = 'ZYBS20140121' ) AND ( `volun_join_id` = 'ZYBS20140120' ) LIMIT 1   [ RunTime:0.001731s ]
SQL: SELECT COUNT(*) AS tp_count FROM `t_volun_group` WHERE ( a_id=8 ) LIMIT 1   [ RunTime:0.001993s ]
INFO: [ view_template ] --START--
INFO: Run LocationTemplate Behavior [ RunTime:0.009052s ]
INFO: [ view_template ] --END-- [ RunTime:0.011916s ]
INFO: [ view_parse ] --START--
INFO: Run ParseTemplate Behavior [ RunTime:0.650149s ]
INFO: [ view_parse ] --END-- [ RunTime:0.652835s ]
INFO: [ view_filter ] --START--
INFO: Run ContentReplace Behavior [ RunTime:0.005052s ]
INFO: Run TokenBuild Behavior [ RunTime:0.007972s ]
INFO: Run WriteHtmlCache Behavior [ RunTime:0.003694s ]
INFO: Run ShowRuntime Behavior [ RunTime:0.008200s ]
INFO: [ view_filter ] --END-- [ RunTime:0.032301s ]
INFO: [ view_end ] --START--
INFO: Run ShowPageTrace Behavior [ RunTime:0.008595s ]
INFO: [ view_end ] --END-- [ RunTime:0.011289s ]

[ 2014-02-27T18:22:47+08:00 ] 127.0.0.1 /php/weixin_volunteer/index.php/Active/active_detail?a_id=8
INFO: [ route_check ] --START--
INFO: Run CheckRoute Behavior [ RunTime:0.009950s ]
INFO: [ route_check ] --END-- [ RunTime:0.015378s ]
INFO: [ app_begin ] --START--
INFO: Run ReadHtmlCache Behavior [ RunTime:0.019358s ]
INFO: [ app_begin ] --END-- [ RunTime:0.022193s ]
SQL: SHOW COLUMNS FROM `t_active` [ RunTime:0.021177s ]
SQL: SELECT * FROM `t_active` WHERE ( a_id=8 ) LIMIT 1   [ RunTime:0.002065s ]
SQL: SHOW COLUMNS FROM `t_volun_group` [ RunTime:0.016804s ]
SQL: SELECT * FROM `t_volun_group` WHERE ( `a_id` = 8 ) AND ( `volun_id` = 'ZYBS20140121' ) AND ( `volun_join_id` = 'ZYBS20140120' ) LIMIT 1   [ RunTime:0.001282s ]
SQL: SELECT COUNT(*) AS tp_count FROM `t_volun_group` WHERE ( a_id=8 ) LIMIT 1   [ RunTime:0.002931s ]
INFO: [ view_template ] --START--
INFO: Run LocationTemplate Behavior [ RunTime:0.005477s ]
INFO: [ view_template ] --END-- [ RunTime:0.007560s ]
INFO: [ view_parse ] --START--
INFO: Run ParseTemplate Behavior [ RunTime:0.166689s ]
INFO: [ view_parse ] --END-- [ RunTime:0.168738s ]
INFO: [ view_filter ] --START--
INFO: Run ContentReplace Behavior [ RunTime:0.004299s ]
INFO: Run TokenBuild Behavior [ RunTime:0.005324s ]
INFO: Run WriteHtmlCache Behavior [ RunTime:0.002680s ]
INFO: Run ShowRuntime Behavior [ RunTime:0.005636s ]
INFO: [ view_filter ] --END-- [ RunTime:0.022992s ]
INFO: [ view_end ] --START--
INFO: Run ShowPageTrace Behavior [ RunTime:0.007672s ]
INFO: [ view_end ] --END-- [ RunTime:0.009477s ]

[ 2014-02-27T18:23:43+08:00 ] 127.0.0.1 /php/weixin_volunteer/index.php/Active/active_detail?a_id=8
INFO: [ route_check ] --START--
INFO: Run CheckRoute Behavior [ RunTime:0.010385s ]
INFO: [ route_check ] --END-- [ RunTime:0.013213s ]
INFO: [ app_begin ] --START--
INFO: Run ReadHtmlCache Behavior [ RunTime:0.005723s ]
INFO: [ app_begin ] --END-- [ RunTime:0.011615s ]
SQL: SHOW COLUMNS FROM `t_active` [ RunTime:0.011594s ]
SQL: SELECT * FROM `t_active` WHERE ( a_id=8 ) LIMIT 1   [ RunTime:0.001241s ]
SQL: SHOW COLUMNS FROM `t_volun_group` [ RunTime:0.013079s ]
SQL: SELECT * FROM `t_volun_group` WHERE ( `a_id` = 8 ) AND ( `volun_id` = 'ZYBS20140121' ) AND ( `volun_join_id` = 'ZYBS20140120' ) LIMIT 1   [ RunTime:0.001085s ]
SQL: SELECT COUNT(*) AS tp_count FROM `t_volun_group` WHERE ( a_id=8 ) LIMIT 1   [ RunTime:0.001102s ]
INFO: [ view_template ] --START--
INFO: Run LocationTemplate Behavior [ RunTime:0.004097s ]
INFO: [ view_template ] --END-- [ RunTime:0.005973s ]
INFO: [ view_parse ] --START--
INFO: Run ParseTemplate Behavior [ RunTime:0.172620s ]
INFO: [ view_parse ] --END-- [ RunTime:0.174714s ]
INFO: [ view_filter ] --START--
INFO: Run ContentReplace Behavior [ RunTime:0.003892s ]
INFO: Run TokenBuild Behavior [ RunTime:0.004276s ]
INFO: Run WriteHtmlCache Behavior [ RunTime:0.003545s ]
INFO: Run ShowRuntime Behavior [ RunTime:0.005867s ]
INFO: [ view_filter ] --END-- [ RunTime:0.024171s ]
INFO: [ view_end ] --START--
INFO: Run ShowPageTrace Behavior [ RunTime:0.004491s ]
INFO: [ view_end ] --END-- [ RunTime:0.006425s ]

[ 2014-02-27T18:23:54+08:00 ] 127.0.0.1 /php/weixin_volunteer/index.php/Active/active_detail?a_id=7
INFO: [ route_check ] --START--
INFO: Run CheckRoute Behavior [ RunTime:0.006931s ]
INFO: [ route_check ] --END-- [ RunTime:0.009360s ]
INFO: [ app_begin ] --START--
INFO: Run ReadHtmlCache Behavior [ RunTime:0.006794s ]
INFO: [ app_begin ] --END-- [ RunTime:0.009593s ]
SQL: SHOW COLUMNS FROM `t_active` [ RunTime:0.015762s ]
SQL: SELECT * FROM `t_active` WHERE ( a_id=7 ) LIMIT 1   [ RunTime:0.002965s ]
SQL: SHOW COLUMNS FROM `t_volun_group` [ RunTime:0.016011s ]
SQL: SELECT * FROM `t_volun_group` WHERE ( `a_id` = 7 ) AND ( `volun_id` = 'ZYBS20140121' ) AND ( `volun_join_id` = 'ZYBS20140120' ) LIMIT 1   [ RunTime:0.002303s ]
SQL: SELECT COUNT(*) AS tp_count FROM `t_volun_group` WHERE ( a_id=7 ) LIMIT 1   [ RunTime:0.001293s ]
INFO: [ view_template ] --START--
INFO: Run LocationTemplate Behavior [ RunTime:0.011563s ]
INFO: [ view_template ] --END-- [ RunTime:0.014281s ]
INFO: [ view_parse ] --START--
INFO: Run ParseTemplate Behavior [ RunTime:0.254391s ]
INFO: [ view_parse ] --END-- [ RunTime:0.257349s ]
INFO: [ view_filter ] --START--
INFO: Run ContentReplace Behavior [ RunTime:0.008114s ]
INFO: Run TokenBuild Behavior [ RunTime:0.012618s ]
INFO: Run WriteHtmlCache Behavior [ RunTime:0.003925s ]
INFO: Run ShowRuntime Behavior [ RunTime:0.007419s ]
INFO: [ view_filter ] --END-- [ RunTime:0.039824s ]
INFO: [ view_end ] --START--
INFO: Run ShowPageTrace Behavior [ RunTime:0.006251s ]
INFO: [ view_end ] --END-- [ RunTime:0.008726s ]

[ 2014-02-27T18:32:16+08:00 ] 127.0.0.1 /php/weixin_volunteer/index.php/Active/active_detail?a_id=7
INFO: [ route_check ] --START--
INFO: Run CheckRoute Behavior [ RunTime:0.011071s ]
INFO: [ route_check ] --END-- [ RunTime:0.013673s ]
INFO: [ app_begin ] --START--
INFO: Run ReadHtmlCache Behavior [ RunTime:0.008652s ]
INFO: [ app_begin ] --END-- [ RunTime:0.011854s ]
SQL: SHOW COLUMNS FROM `t_active` [ RunTime:0.406660s ]
SQL: SELECT * FROM `t_active` WHERE ( a_id=7 ) LIMIT 1   [ RunTime:0.002089s ]
SQL: SHOW COLUMNS FROM `t_volun_group` [ RunTime:0.021696s ]
SQL: SELECT * FROM `t_volun_group` WHERE ( `a_id` = 7 ) AND ( `volun_id` = 'ZYBS20140121' ) AND ( `volun_join_id` = 'ZYBS20140120' ) LIMIT 1   [ RunTime:0.001532s ]
SQL: SELECT COUNT(*) AS tp_count FROM `t_volun_group` WHERE ( a_id=7 ) LIMIT 1   [ RunTime:0.001309s ]
SQL: SHOW COLUMNS FROM `t_active_images` [ RunTime:0.021902s ]
SQL: SELECT * FROM `t_active` WHERE ( a_id=7 ) ORDER BY add_time DESC  [ RunTime:0.233512s ]
ERR: Unknown column 'add_time' in 'order clause'
 [ SQL语句 ] : SELECT * FROM `t_active` WHERE ( a_id=7 ) ORDER BY add_time DESC 
INFO: [ view_template ] --START--
INFO: Run LocationTemplate Behavior [ RunTime:0.006825s ]
INFO: [ view_template ] --END-- [ RunTime:0.010458s ]
INFO: [ view_parse ] --START--
INFO: Run ParseTemplate Behavior [ RunTime:0.275652s ]
INFO: [ view_parse ] --END-- [ RunTime:0.279034s ]
INFO: [ view_filter ] --START--
INFO: Run ContentReplace Behavior [ RunTime:0.006396s ]
INFO: Run TokenBuild Behavior [ RunTime:0.006251s ]
INFO: Run WriteHtmlCache Behavior [ RunTime:0.003536s ]
INFO: Run ShowRuntime Behavior [ RunTime:0.014385s ]
INFO: [ view_filter ] --END-- [ RunTime:0.037658s ]
INFO: [ view_end ] --START--
INFO: Run ShowPageTrace Behavior [ RunTime:0.005933s ]
INFO: [ view_end ] --END-- [ RunTime:0.008406s ]

[ 2014-02-27T18:33:02+08:00 ] 127.0.0.1 /php/weixin_volunteer/index.php/Active/active_detail?a_id=7
INFO: [ route_check ] --START--
INFO: Run CheckRoute Behavior [ RunTime:0.012521s ]
INFO: [ route_check ] --END-- [ RunTime:0.015261s ]
INFO: [ app_begin ] --START--
INFO: Run ReadHtmlCache Behavior [ RunTime:0.004724s ]
INFO: [ app_begin ] --END-- [ RunTime:0.006728s ]
SQL: SHOW COLUMNS FROM `t_active` [ RunTime:0.012701s ]
SQL: SELECT * FROM `t_active` WHERE ( a_id=7 ) LIMIT 1   [ RunTime:0.002022s ]
SQL: SHOW COLUMNS FROM `t_volun_group` [ RunTime:0.013612s ]
SQL: SELECT * FROM `t_volun_group` WHERE ( `a_id` = 7 ) AND ( `volun_id` = 'ZYBS20140121' ) AND ( `volun_join_id` = 'ZYBS20140120' ) LIMIT 1   [ RunTime:0.001554s ]
SQL: SELECT COUNT(*) AS tp_count FROM `t_volun_group` WHERE ( a_id=7 ) LIMIT 1   [ RunTime:0.001263s ]
SQL: SHOW COLUMNS FROM `t_active_images` [ RunTime:0.012201s ]
SQL: SELECT * FROM `t_active` WHERE ( a_id=7 ) ORDER BY add_time DESC  [ RunTime:0.001800s ]
ERR: Unknown column 'add_time' in 'order clause'
 [ SQL语句 ] : SELECT * FROM `t_active` WHERE ( a_id=7 ) ORDER BY add_time DESC 
INFO: [ view_template ] --START--
INFO: Run LocationTemplate Behavior [ RunTime:0.005932s ]
INFO: [ view_template ] --END-- [ RunTime:0.008192s ]
INFO: [ view_parse ] --START--
INFO: Run ParseTemplate Behavior [ RunTime:0.190565s ]
INFO: [ view_parse ] --END-- [ RunTime:0.193327s ]
INFO: [ view_filter ] --START--
INFO: Run ContentReplace Behavior [ RunTime:0.004621s ]
INFO: Run TokenBuild Behavior [ RunTime:0.004550s ]
INFO: Run WriteHtmlCache Behavior [ RunTime:0.003531s ]
INFO: Run ShowRuntime Behavior [ RunTime:0.007882s ]
INFO: [ view_filter ] --END-- [ RunTime:0.026014s ]
INFO: [ view_end ] --START--
INFO: Run ShowPageTrace Behavior [ RunTime:0.004582s ]
INFO: [ view_end ] --END-- [ RunTime:0.006624s ]

[ 2014-02-27T18:33:43+08:00 ] 127.0.0.1 /php/weixin_volunteer/index.php/Active/active_detail?a_id=8
INFO: [ route_check ] --START--
INFO: Run CheckRoute Behavior [ RunTime:0.007722s ]
INFO: [ route_check ] --END-- [ RunTime:0.010225s ]
INFO: [ app_begin ] --START--
INFO: Run ReadHtmlCache Behavior [ RunTime:0.011928s ]
INFO: [ app_begin ] --END-- [ RunTime:0.023518s ]
SQL: SHOW COLUMNS FROM `t_active` [ RunTime:0.016079s ]
SQL: SELECT * FROM `t_active` WHERE ( a_id=8 ) LIMIT 1   [ RunTime:0.001597s ]
SQL: SHOW COLUMNS FROM `t_volun_group` [ RunTime:0.012796s ]
SQL: SELECT * FROM `t_volun_group` WHERE ( `a_id` = 8 ) AND ( `volun_id` = 'ZYBS20140121' ) AND ( `volun_join_id` = 'ZYBS20140120' ) LIMIT 1   [ RunTime:0.001354s ]
SQL: SELECT COUNT(*) AS tp_count FROM `t_volun_group` WHERE ( a_id=8 ) LIMIT 1   [ RunTime:0.001561s ]
SQL: SHOW COLUMNS FROM `t_active_images` [ RunTime:0.013707s ]
SQL: SELECT * FROM `t_active` WHERE ( a_id=8 ) ORDER BY add_time DESC  [ RunTime:0.002381s ]
ERR: Unknown column 'add_time' in 'order clause'
 [ SQL语句 ] : SELECT * FROM `t_active` WHERE ( a_id=8 ) ORDER BY add_time DESC 
INFO: [ view_template ] --START--
INFO: Run LocationTemplate Behavior [ RunTime:0.006460s ]
INFO: [ view_template ] --END-- [ RunTime:0.008607s ]
INFO: [ view_parse ] --START--
INFO: Run ParseTemplate Behavior [ RunTime:0.290452s ]
INFO: [ view_parse ] --END-- [ RunTime:0.292677s ]
INFO: [ view_filter ] --START--
INFO: Run ContentReplace Behavior [ RunTime:0.003572s ]
INFO: Run TokenBuild Behavior [ RunTime:0.004542s ]
INFO: Run WriteHtmlCache Behavior [ RunTime:0.004393s ]
INFO: Run ShowRuntime Behavior [ RunTime:0.005550s ]
INFO: [ view_filter ] --END-- [ RunTime:0.024057s ]
INFO: [ view_end ] --START--
INFO: Run ShowPageTrace Behavior [ RunTime:0.028156s ]
INFO: [ view_end ] --END-- [ RunTime:0.030093s ]

[ 2014-02-27T18:36:06+08:00 ] 127.0.0.1 /php/weixin_volunteer/index.php/Active/active_detail?a_id=8
INFO: [ route_check ] --START--
INFO: Run CheckRoute Behavior [ RunTime:0.009555s ]
INFO: [ route_check ] --END-- [ RunTime:0.012349s ]
INFO: [ app_begin ] --START--
INFO: Run ReadHtmlCache Behavior [ RunTime:0.007413s ]
INFO: [ app_begin ] --END-- [ RunTime:0.009865s ]
SQL: SHOW COLUMNS FROM `t_active` [ RunTime:0.016366s ]
SQL: SELECT * FROM `t_active` WHERE ( a_id=8 ) LIMIT 1   [ RunTime:0.001854s ]
SQL: SHOW COLUMNS FROM `t_volun_group` [ RunTime:0.015541s ]
SQL: SELECT * FROM `t_volun_group` WHERE ( `a_id` = 8 ) AND ( `volun_id` = 'ZYBS20140121' ) AND ( `volun_join_id` = 'ZYBS20140120' ) LIMIT 1   [ RunTime:0.001527s ]
SQL: SELECT COUNT(*) AS tp_count FROM `t_volun_group` WHERE ( a_id=8 ) LIMIT 1   [ RunTime:0.001491s ]
SQL: SHOW COLUMNS FROM `t_active_images` [ RunTime:0.016368s ]
SQL: SELECT * FROM `t_active` WHERE ( a_id=8 ) ORDER BY add_time DESC  [ RunTime:0.001265s ]
ERR: Unknown column 'add_time' in 'order clause'
 [ SQL语句 ] : SELECT * FROM `t_active` WHERE ( a_id=8 ) ORDER BY add_time DESC 
INFO: [ view_template ] --START--
INFO: Run LocationTemplate Behavior [ RunTime:0.007233s ]
INFO: [ view_template ] --END-- [ RunTime:0.010076s ]
INFO: [ view_parse ] --START--
INFO: Run ParseTemplate Behavior [ RunTime:0.212301s ]
INFO: [ view_parse ] --END-- [ RunTime:0.214614s ]
INFO: [ view_filter ] --START--
INFO: Run ContentReplace Behavior [ RunTime:0.004267s ]
INFO: Run TokenBuild Behavior [ RunTime:0.004728s ]
INFO: Run WriteHtmlCache Behavior [ RunTime:0.002870s ]
INFO: Run ShowRuntime Behavior [ RunTime:0.006523s ]
INFO: [ view_filter ] --END-- [ RunTime:0.024016s ]
INFO: [ view_end ] --START--
INFO: Run ShowPageTrace Behavior [ RunTime:0.004986s ]
INFO: [ view_end ] --END-- [ RunTime:0.007572s ]

[ 2014-02-27T18:36:37+08:00 ] 127.0.0.1 /php/weixin_volunteer/index.php/Active/active_detail?a_id=8
INFO: [ route_check ] --START--
INFO: Run CheckRoute Behavior [ RunTime:0.006962s ]
INFO: [ route_check ] --END-- [ RunTime:0.009686s ]
INFO: [ app_begin ] --START--
INFO: Run ReadHtmlCache Behavior [ RunTime:0.006507s ]
INFO: [ app_begin ] --END-- [ RunTime:0.010283s ]
SQL: SHOW COLUMNS FROM `t_active` [ RunTime:0.014679s ]
SQL: SELECT * FROM `t_active` WHERE ( a_id=8 ) LIMIT 1   [ RunTime:0.001410s ]
SQL: SHOW COLUMNS FROM `t_volun_group` [ RunTime:0.022551s ]
SQL: SELECT * FROM `t_volun_group` WHERE ( `a_id` = 8 ) AND ( `volun_id` = 'ZYBS20140121' ) AND ( `volun_join_id` = 'ZYBS20140120' ) LIMIT 1   [ RunTime:0.001331s ]
SQL: SELECT COUNT(*) AS tp_count FROM `t_volun_group` WHERE ( a_id=8 ) LIMIT 1   [ RunTime:0.001304s ]
SQL: SHOW COLUMNS FROM `t_active_images` [ RunTime:0.014393s ]
SQL: SELECT * FROM `t_active` WHERE ( a_id=8 ) ORDER BY add_time DESC  [ RunTime:0.001397s ]
ERR: Unknown column 'add_time' in 'order clause'
 [ SQL语句 ] : SELECT * FROM `t_active` WHERE ( a_id=8 ) ORDER BY add_time DESC 
INFO: [ view_template ] --START--
INFO: Run LocationTemplate Behavior [ RunTime:0.004332s ]
INFO: [ view_template ] --END-- [ RunTime:0.006947s ]
INFO: [ view_parse ] --START--
INFO: Run ParseTemplate Behavior [ RunTime:0.281679s ]
INFO: [ view_parse ] --END-- [ RunTime:0.284159s ]
INFO: [ view_filter ] --START--
INFO: Run ContentReplace Behavior [ RunTime:0.006081s ]
INFO: Run TokenBuild Behavior [ RunTime:0.005406s ]
INFO: Run WriteHtmlCache Behavior [ RunTime:0.003377s ]
INFO: Run ShowRuntime Behavior [ RunTime:0.008543s ]
INFO: [ view_filter ] --END-- [ RunTime:0.030580s ]
INFO: [ view_end ] --START--
INFO: Run ShowPageTrace Behavior [ RunTime:0.005638s ]
INFO: [ view_end ] --END-- [ RunTime:0.008142s ]

[ 2014-02-27T18:37:28+08:00 ] 127.0.0.1 /php/weixin_volunteer/index.php/Active/active_detail?a_id=8
INFO: [ route_check ] --START--
INFO: Run CheckRoute Behavior [ RunTime:0.010178s ]
INFO: [ route_check ] --END-- [ RunTime:0.013144s ]
INFO: [ app_begin ] --START--
INFO: Run ReadHtmlCache Behavior [ RunTime:0.009820s ]
INFO: [ app_begin ] --END-- [ RunTime:0.012418s ]
SQL: SHOW COLUMNS FROM `t_active` [ RunTime:0.021022s ]
SQL: SELECT * FROM `t_active` WHERE ( a_id=8 ) LIMIT 1   [ RunTime:0.002568s ]
SQL: SHOW COLUMNS FROM `t_volun_group` [ RunTime:0.016558s ]
SQL: SELECT * FROM `t_volun_group` WHERE ( `a_id` = 8 ) AND ( `volun_id` = 'ZYBS20140121' ) AND ( `volun_join_id` = 'ZYBS20140120' ) LIMIT 1   [ RunTime:0.001388s ]
SQL: SELECT COUNT(*) AS tp_count FROM `t_volun_group` WHERE ( a_id=8 ) LIMIT 1   [ RunTime:0.001544s ]
SQL: SHOW COLUMNS FROM `t_active_images` [ RunTime:0.015783s ]
SQL: SELECT * FROM `t_active` WHERE ( a_id=8 ) ORDER BY add_time DESC  [ RunTime:0.001273s ]
ERR: Unknown column 'add_time' in 'order clause'
 [ SQL语句 ] : SELECT * FROM `t_active` WHERE ( a_id=8 ) ORDER BY add_time DESC 
INFO: [ view_template ] --START--
INFO: Run LocationTemplate Behavior [ RunTime:0.007073s ]
INFO: [ view_template ] --END-- [ RunTime:0.009785s ]
INFO: [ view_parse ] --START--
INFO: Run ParseTemplate Behavior [ RunTime:0.273448s ]
INFO: [ view_parse ] --END-- [ RunTime:0.275986s ]
INFO: [ view_filter ] --START--
INFO: Run ContentReplace Behavior [ RunTime:0.005581s ]
INFO: Run TokenBuild Behavior [ RunTime:0.005897s ]
INFO: Run WriteHtmlCache Behavior [ RunTime:0.012547s ]
INFO: Run ShowRuntime Behavior [ RunTime:0.013712s ]
INFO: [ view_filter ] --END-- [ RunTime:0.045332s ]
INFO: [ view_end ] --START--
INFO: Run ShowPageTrace Behavior [ RunTime:0.006620s ]
INFO: [ view_end ] --END-- [ RunTime:0.009219s ]

[ 2014-02-27T18:37:46+08:00 ] 127.0.0.1 /php/weixin_volunteer/index.php/Active/active_detail?a_id=8
INFO: [ route_check ] --START--
INFO: Run CheckRoute Behavior [ RunTime:0.008879s ]
INFO: [ route_check ] --END-- [ RunTime:0.011542s ]
INFO: [ app_begin ] --START--
INFO: Run ReadHtmlCache Behavior [ RunTime:0.007743s ]
INFO: [ app_begin ] --END-- [ RunTime:0.012442s ]
SQL: SHOW COLUMNS FROM `t_active` [ RunTime:0.012245s ]
SQL: SELECT * FROM `t_active` WHERE ( a_id=8 ) LIMIT 1   [ RunTime:0.001129s ]
SQL: SHOW COLUMNS FROM `t_volun_group` [ RunTime:0.012841s ]
SQL: SELECT * FROM `t_volun_group` WHERE ( `a_id` = 8 ) AND ( `volun_id` = 'ZYBS20140121' ) AND ( `volun_join_id` = 'ZYBS20140120' ) LIMIT 1   [ RunTime:0.007813s ]
SQL: SELECT COUNT(*) AS tp_count FROM `t_volun_group` WHERE ( a_id=8 ) LIMIT 1   [ RunTime:0.001287s ]
SQL: SHOW COLUMNS FROM `t_active_images` [ RunTime:0.019096s ]
SQL: SELECT * FROM `t_active_images` WHERE ( a_id=8 ) ORDER BY add_time DESC  [ RunTime:0.045248s ]
INFO: [ view_template ] --START--
INFO: Run LocationTemplate Behavior [ RunTime:0.004964s ]
INFO: [ view_template ] --END-- [ RunTime:0.007198s ]
INFO: [ view_parse ] --START--
INFO: Run ParseTemplate Behavior [ RunTime:0.226487s ]
INFO: [ view_parse ] --END-- [ RunTime:0.228473s ]
INFO: [ view_filter ] --START--
INFO: Run ContentReplace Behavior [ RunTime:0.003857s ]
INFO: Run TokenBuild Behavior [ RunTime:0.011618s ]
INFO: Run WriteHtmlCache Behavior [ RunTime:0.002862s ]
INFO: Run ShowRuntime Behavior [ RunTime:0.006445s ]
INFO: [ view_filter ] --END-- [ RunTime:0.030951s ]
INFO: [ view_end ] --START--
INFO: Run ShowPageTrace Behavior [ RunTime:0.004396s ]
INFO: [ view_end ] --END-- [ RunTime:0.009631s ]

[ 2014-02-27T18:39:18+08:00 ] 127.0.0.1 /php/weixin_volunteer/index.php/Active/active_detail?a_id=8
INFO: [ route_check ] --START--
INFO: Run CheckRoute Behavior [ RunTime:0.006408s ]
INFO: [ route_check ] --END-- [ RunTime:0.009241s ]
INFO: [ app_begin ] --START--
INFO: Run ReadHtmlCache Behavior [ RunTime:0.006497s ]
INFO: [ app_begin ] --END-- [ RunTime:0.009212s ]
SQL: SHOW COLUMNS FROM `t_active` [ RunTime:0.012253s ]
SQL: SELECT * FROM `t_active` WHERE ( a_id=8 ) LIMIT 1   [ RunTime:0.001125s ]
SQL: SHOW COLUMNS FROM `t_volun_group` [ RunTime:0.011963s ]
SQL: SELECT * FROM `t_volun_group` WHERE ( `a_id` = 8 ) AND ( `volun_id` = 'ZYBS20140121' ) AND ( `volun_join_id` = 'ZYBS20140120' ) LIMIT 1   [ RunTime:0.001410s ]
SQL: SELECT COUNT(*) AS tp_count FROM `t_volun_group` WHERE ( a_id=8 ) LIMIT 1   [ RunTime:0.001818s ]
SQL: SHOW COLUMNS FROM `t_active_images` [ RunTime:0.013366s ]
SQL: SELECT * FROM `t_active_images` WHERE ( a_id=8 ) ORDER BY add_time DESC  [ RunTime:0.001113s ]
INFO: [ view_template ] --START--
INFO: Run LocationTemplate Behavior [ RunTime:0.003764s ]
INFO: [ view_template ] --END-- [ RunTime:0.007251s ]
INFO: [ view_parse ] --START--
INFO: Run ParseTemplate Behavior [ RunTime:0.192451s ]
INFO: [ view_parse ] --END-- [ RunTime:0.194366s ]
INFO: [ view_filter ] --START--
INFO: Run ContentReplace Behavior [ RunTime:0.004029s ]
INFO: Run TokenBuild Behavior [ RunTime:0.011289s ]
INFO: Run WriteHtmlCache Behavior [ RunTime:0.002334s ]
INFO: Run ShowRuntime Behavior [ RunTime:0.006036s ]
INFO: [ view_filter ] --END-- [ RunTime:0.028868s ]
INFO: [ view_end ] --START--
INFO: Run ShowPageTrace Behavior [ RunTime:0.004029s ]
INFO: [ view_end ] --END-- [ RunTime:0.006517s ]

[ 2014-02-27T18:40:09+08:00 ] 127.0.0.1 /php/weixin_volunteer/index.php/Active/active_detail?a_id=8
INFO: [ route_check ] --START--
INFO: Run CheckRoute Behavior [ RunTime:0.023410s ]
INFO: [ route_check ] --END-- [ RunTime:0.027554s ]
INFO: [ app_begin ] --START--
INFO: Run ReadHtmlCache Behavior [ RunTime:0.007868s ]
INFO: [ app_begin ] --END-- [ RunTime:0.010414s ]
SQL: SHOW COLUMNS FROM `t_active` [ RunTime:0.012335s ]
SQL: SELECT * FROM `t_active` WHERE ( a_id=8 ) LIMIT 1   [ RunTime:0.001203s ]
SQL: SHOW COLUMNS FROM `t_volun_group` [ RunTime:0.013180s ]
SQL: SELECT * FROM `t_volun_group` WHERE ( `a_id` = 8 ) AND ( `volun_id` = 'ZYBS20140121' ) AND ( `volun_join_id` = 'ZYBS20140120' ) LIMIT 1   [ RunTime:0.001316s ]
SQL: SELECT COUNT(*) AS tp_count FROM `t_volun_group` WHERE ( a_id=8 ) LIMIT 1   [ RunTime:0.001156s ]
SQL: SHOW COLUMNS FROM `t_active_images` [ RunTime:0.011885s ]
SQL: SELECT * FROM `t_active_images` WHERE ( a_id=8 ) ORDER BY add_time DESC  [ RunTime:0.001067s ]
INFO: [ view_template ] --START--
INFO: Run LocationTemplate Behavior [ RunTime:0.005242s ]
INFO: [ view_template ] --END-- [ RunTime:0.007098s ]
INFO: [ view_parse ] --START--
INFO: Run ParseTemplate Behavior [ RunTime:0.218623s ]
INFO: [ view_parse ] --END-- [ RunTime:0.220572s ]
INFO: [ view_filter ] --START--
INFO: Run ContentReplace Behavior [ RunTime:0.004623s ]
INFO: Run TokenBuild Behavior [ RunTime:0.004953s ]
INFO: Run WriteHtmlCache Behavior [ RunTime:0.003055s ]
INFO: Run ShowRuntime Behavior [ RunTime:0.008148s ]
INFO: [ view_filter ] --END-- [ RunTime:0.027290s ]
INFO: [ view_end ] --START--
INFO: Run ShowPageTrace Behavior [ RunTime:0.004485s ]
INFO: [ view_end ] --END-- [ RunTime:0.007472s ]

[ 2014-02-27T18:49:07+08:00 ] 127.0.0.1 /php/weixin_volunteer/index.php/Active/active_detail?a_id=8
INFO: [ route_check ] --START--
INFO: Run CheckRoute Behavior [ RunTime:0.006992s ]
INFO: [ route_check ] --END-- [ RunTime:0.010023s ]
INFO: [ app_begin ] --START--
INFO: Run ReadHtmlCache Behavior [ RunTime:0.006695s ]
INFO: [ app_begin ] --END-- [ RunTime:0.009191s ]
SQL: SHOW COLUMNS FROM `t_active` [ RunTime:0.020171s ]
SQL: SELECT * FROM `t_active` WHERE ( a_id=8 ) LIMIT 1   [ RunTime:0.001561s ]
SQL: SHOW COLUMNS FROM `t_volun_group` [ RunTime:0.015736s ]
SQL: SELECT * FROM `t_volun_group` WHERE ( `a_id` = 8 ) AND ( `volun_id` = 'ZYBS20140121' ) AND ( `volun_join_id` = 'ZYBS20140120' ) LIMIT 1   [ RunTime:0.001528s ]
SQL: SELECT COUNT(*) AS tp_count FROM `t_volun_group` WHERE ( a_id=8 ) LIMIT 1   [ RunTime:0.001275s ]
SQL: SHOW COLUMNS FROM `t_active_images` [ RunTime:0.020477s ]
SQL: SELECT * FROM `t_active_images` WHERE ( a_id=8 ) ORDER BY add_time DESC  [ RunTime:0.001838s ]
INFO: [ view_template ] --START--
INFO: Run LocationTemplate Behavior [ RunTime:0.005037s ]
INFO: [ view_template ] --END-- [ RunTime:0.007183s ]
INFO: [ view_parse ] --START--
INFO: Run ParseTemplate Behavior [ RunTime:0.195044s ]
INFO: [ view_parse ] --END-- [ RunTime:0.196990s ]
INFO: [ view_filter ] --START--
INFO: Run ContentReplace Behavior [ RunTime:0.004383s ]
INFO: Run TokenBuild Behavior [ RunTime:0.004668s ]
INFO: Run WriteHtmlCache Behavior [ RunTime:0.006091s ]
INFO: Run ShowRuntime Behavior [ RunTime:0.005597s ]
INFO: [ view_filter ] --END-- [ RunTime:0.026019s ]
INFO: [ view_end ] --START--
INFO: Run ShowPageTrace Behavior [ RunTime:0.010049s ]
INFO: [ view_end ] --END-- [ RunTime:0.012138s ]

