[ 2014-03-01T17:57:13+08:00 ] ERR: (ThinkException) Unknown database 'db_weixin_volunteer'
[ 2014-03-01T18:00:23+08:00 ] 127.0.0.1 /votee/
INFO: [ app_begin ] --START--
INFO: Run ReadHtmlCache Behavior [ RunTime:0.038002s ]
INFO: [ app_begin ] --END-- [ RunTime:0.038002s ]
NOTIC: [8] Undefined index: temp D:\Weixin\Wefigshop\weixin\votee\home\Lib\Action\CommonAction.class.php 第 82 行.
SQL: SHOW COLUMNS FROM `t_temp` [ RunTime:0.006000s ]
SQL: SELECT * FROM `t_temp` LIMIT 1   FOR UPDATE  [ RunTime:0.001000s ]
SQL: UPDATE `t_temp` SET `v_id`=192 WHERE ( `t_id` = 4 ) [ RunTime:0.189011s ]
INFO: [ view_template ] --START--
INFO: Run LocationTemplate Behavior [ RunTime:0.040002s ]
INFO: [ view_template ] --END-- [ RunTime:0.041002s ]
INFO: [ view_parse ] --START--
INFO: Run ParseTemplate Behavior [ RunTime:0.395023s ]
INFO: [ view_parse ] --END-- [ RunTime:0.395023s ]
INFO: [ view_filter ] --START--
INFO: Run ContentReplace Behavior [ RunTime:0.023001s ]
INFO: Run TokenBuild Behavior [ RunTime:0.039002s ]
INFO: Run WriteHtmlCache Behavior [ RunTime:0.024002s ]
INFO: Run ShowRuntime Behavior [ RunTime:0.014001s ]
INFO: [ view_filter ] --END-- [ RunTime:0.100006s ]
INFO: [ view_end ] --START--
INFO: Run ShowPageTrace Behavior [ RunTime:0.008000s ]
INFO: [ view_end ] --END-- [ RunTime:0.008000s ]

[ 2014-03-01T18:00:52+08:00 ] 127.0.0.1 /votee/index.php/Active/newest_active
INFO: [ route_check ] --START--
INFO: Run CheckRoute Behavior [ RunTime:0.136008s ]
INFO: [ route_check ] --END-- [ RunTime:0.136008s ]
INFO: [ app_begin ] --START--
INFO: Run ReadHtmlCache Behavior [ RunTime:0.002000s ]
INFO: [ app_begin ] --END-- [ RunTime:0.002000s ]
SQL: SHOW COLUMNS FROM `t_active` [ RunTime:0.006000s ]
SQL: SELECT * FROM `t_active` ORDER BY date_time_start DESC LIMIT 5   [ RunTime:0.017001s ]
INFO: [ view_template ] --START--
INFO: Run LocationTemplate Behavior [ RunTime:0.021001s ]
INFO: [ view_template ] --END-- [ RunTime:0.021001s ]
INFO: [ view_parse ] --START--
INFO: Run ParseTemplate Behavior [ RunTime:0.023001s ]
INFO: [ view_parse ] --END-- [ RunTime:0.024001s ]
INFO: [ view_filter ] --START--
INFO: Run ContentReplace Behavior [ RunTime:0.002001s ]
INFO: Run TokenBuild Behavior [ RunTime:0.001000s ]
INFO: Run WriteHtmlCache Behavior [ RunTime:0.002000s ]
INFO: Run ShowRuntime Behavior [ RunTime:0.001000s ]
INFO: [ view_filter ] --END-- [ RunTime:0.007001s ]
INFO: [ view_end ] --START--
INFO: Run ShowPageTrace Behavior [ RunTime:0.002000s ]
INFO: [ view_end ] --END-- [ RunTime:0.002000s ]

[ 2014-03-01T18:00:54+08:00 ] 127.0.0.1 /votee/index.php/Active/active_info
INFO: [ route_check ] --START--
INFO: Run CheckRoute Behavior [ RunTime:0.001000s ]
INFO: [ route_check ] --END-- [ RunTime:0.003000s ]
INFO: [ app_begin ] --START--
INFO: Run ReadHtmlCache Behavior [ RunTime:0.001000s ]
INFO: [ app_begin ] --END-- [ RunTime:0.001000s ]
SQL: SHOW COLUMNS FROM `t_active` [ RunTime:0.005001s ]
SQL: SELECT * FROM `t_active` WHERE ( v_id='ZYBS20140192' )  [ RunTime:0.000000s ]
SQL: SHOW COLUMNS FROM `t_volun_group` [ RunTime:0.004000s ]
SQL: SELECT `a_id` FROM `t_volun_group` WHERE ( volun_join_id='ZYBS20140192' )  [ RunTime:0.001000s ]
NOTIC: [2] Invalid argument supplied for foreach() D:\Weixin\Wefigshop\weixin\votee\home\Lib\Action\ActiveAction.class.php 第 72 行.
SQL: SELECT * FROM `t_active` WHERE ( a_id in () )  [ RunTime:0.026002s ]
ERR: You have an error in your SQL syntax; check the manual that corresponds to your MySQL server version for the right syntax to use near ') )' at line 1
 [ SQL语句 ] : SELECT * FROM `t_active` WHERE ( a_id in () ) 
SQL: SELECT * FROM `t_active` WHERE ( v_id<>'ZYBS20140192' )  [ RunTime:0.001000s ]
INFO: [ view_template ] --START--
INFO: Run LocationTemplate Behavior [ RunTime:0.002000s ]
INFO: [ view_template ] --END-- [ RunTime:0.002000s ]
INFO: [ view_parse ] --START--
INFO: Run ParseTemplate Behavior [ RunTime:0.047002s ]
INFO: [ view_parse ] --END-- [ RunTime:0.048002s ]
INFO: [ view_filter ] --START--
INFO: Run ContentReplace Behavior [ RunTime:0.002001s ]
INFO: Run TokenBuild Behavior [ RunTime:0.001000s ]
INFO: Run WriteHtmlCache Behavior [ RunTime:0.001000s ]
INFO: Run ShowRuntime Behavior [ RunTime:0.002000s ]
INFO: [ view_filter ] --END-- [ RunTime:0.007001s ]
INFO: [ view_end ] --START--
INFO: Run ShowPageTrace Behavior [ RunTime:0.002000s ]
INFO: [ view_end ] --END-- [ RunTime:0.002000s ]

[ 2014-03-01T18:00:57+08:00 ] 127.0.0.1 /votee/index.php/Index/register_form
INFO: [ route_check ] --START--
INFO: Run CheckRoute Behavior [ RunTime:0.002000s ]
INFO: [ route_check ] --END-- [ RunTime:0.002000s ]
INFO: [ app_begin ] --START--
INFO: Run ReadHtmlCache Behavior [ RunTime:0.002000s ]
INFO: [ app_begin ] --END-- [ RunTime:0.002000s ]
INFO: [ view_template ] --START--
INFO: Run LocationTemplate Behavior [ RunTime:0.002000s ]
INFO: [ view_template ] --END-- [ RunTime:0.003000s ]
INFO: [ view_parse ] --START--
INFO: Run ParseTemplate Behavior [ RunTime:0.135007s ]
INFO: [ view_parse ] --END-- [ RunTime:0.135007s ]
INFO: [ view_filter ] --START--
INFO: Run ContentReplace Behavior [ RunTime:0.001001s ]
INFO: Run TokenBuild Behavior [ RunTime:0.002000s ]
INFO: Run WriteHtmlCache Behavior [ RunTime:0.001000s ]
INFO: Run ShowRuntime Behavior [ RunTime:0.002000s ]
INFO: [ view_filter ] --END-- [ RunTime:0.006001s ]
INFO: [ view_end ] --START--
INFO: Run ShowPageTrace Behavior [ RunTime:0.002000s ]
INFO: [ view_end ] --END-- [ RunTime:0.002000s ]

[ 2014-03-01T18:01:01+08:00 ] 127.0.0.1 /votee/index.php/Index/personal
INFO: [ route_check ] --START--
INFO: Run CheckRoute Behavior [ RunTime:0.002000s ]
INFO: [ route_check ] --END-- [ RunTime:0.003000s ]
INFO: [ app_begin ] --START--
INFO: Run ReadHtmlCache Behavior [ RunTime:0.002000s ]
INFO: [ app_begin ] --END-- [ RunTime:0.002000s ]
SQL: SHOW COLUMNS FROM `t_volunteer` [ RunTime:0.005001s ]
SQL: SELECT * FROM `t_volunteer` WHERE ( volunteer_id='ZYBS20140192' ) LIMIT 1   [ RunTime:0.001000s ]
INFO: [ view_template ] --START--
INFO: Run LocationTemplate Behavior [ RunTime:0.003000s ]
INFO: [ view_template ] --END-- [ RunTime:0.003000s ]
INFO: [ view_parse ] --START--
NOTIC: [8] Undefined variable: res D:\Weixin\Wefigshop\weixin\votee\home\Runtime\Cache\9815dd2e9b077b3e809c5f3fd1326b94.php 第 133 行.
NOTIC: [8] Undefined variable: res D:\Weixin\Wefigshop\weixin\votee\home\Runtime\Cache\9815dd2e9b077b3e809c5f3fd1326b94.php 第 140 行.
NOTIC: [8] Undefined variable: res D:\Weixin\Wefigshop\weixin\votee\home\Runtime\Cache\9815dd2e9b077b3e809c5f3fd1326b94.php 第 146 行.
NOTIC: [8] Undefined variable: res D:\Weixin\Wefigshop\weixin\votee\home\Runtime\Cache\9815dd2e9b077b3e809c5f3fd1326b94.php 第 152 行.
NOTIC: [8] Undefined variable: res D:\Weixin\Wefigshop\weixin\votee\home\Runtime\Cache\9815dd2e9b077b3e809c5f3fd1326b94.php 第 157 行.
NOTIC: [8] Undefined variable: res D:\Weixin\Wefigshop\weixin\votee\home\Runtime\Cache\9815dd2e9b077b3e809c5f3fd1326b94.php 第 162 行.
NOTIC: [8] Undefined variable: res D:\Weixin\Wefigshop\weixin\votee\home\Runtime\Cache\9815dd2e9b077b3e809c5f3fd1326b94.php 第 167 行.
NOTIC: [8] Undefined variable: res D:\Weixin\Wefigshop\weixin\votee\home\Runtime\Cache\9815dd2e9b077b3e809c5f3fd1326b94.php 第 172 行.
NOTIC: [8] Undefined variable: res D:\Weixin\Wefigshop\weixin\votee\home\Runtime\Cache\9815dd2e9b077b3e809c5f3fd1326b94.php 第 177 行.
NOTIC: [8] Undefined variable: my_act D:\Weixin\Wefigshop\weixin\votee\home\Runtime\Cache\9815dd2e9b077b3e809c5f3fd1326b94.php 第 189 行.
INFO: Run ParseTemplate Behavior [ RunTime:0.042002s ]
INFO: [ view_parse ] --END-- [ RunTime:0.044002s ]
INFO: [ view_filter ] --START--
INFO: Run ContentReplace Behavior [ RunTime:0.001000s ]
INFO: Run TokenBuild Behavior [ RunTime:0.001000s ]
INFO: Run WriteHtmlCache Behavior [ RunTime:0.002000s ]
INFO: Run ShowRuntime Behavior [ RunTime:0.002000s ]
INFO: [ view_filter ] --END-- [ RunTime:0.007001s ]
INFO: [ view_end ] --START--
INFO: Run ShowPageTrace Behavior [ RunTime:0.002000s ]
INFO: [ view_end ] --END-- [ RunTime:0.002000s ]

[ 2014-03-01T18:01:03+08:00 ] 127.0.0.1 /votee/index.php/Contents/item_desc
INFO: [ route_check ] --START--
INFO: Run CheckRoute Behavior [ RunTime:0.002000s ]
INFO: [ route_check ] --END-- [ RunTime:0.002000s ]
INFO: [ app_begin ] --START--
INFO: Run ReadHtmlCache Behavior [ RunTime:0.001000s ]
INFO: [ app_begin ] --END-- [ RunTime:0.002000s ]
SQL: SHOW COLUMNS FROM `t_contents` [ RunTime:0.006000s ]
SQL: SELECT * FROM `t_contents` WHERE ( type=3 AND status=1 ) LIMIT 1   [ RunTime:0.000000s ]
INFO: [ view_template ] --START--
INFO: Run LocationTemplate Behavior [ RunTime:0.029002s ]
INFO: [ view_template ] --END-- [ RunTime:0.029002s ]
INFO: [ view_parse ] --START--
INFO: Run ParseTemplate Behavior [ RunTime:0.023001s ]
INFO: [ view_parse ] --END-- [ RunTime:0.023001s ]
INFO: [ view_filter ] --START--
INFO: Run ContentReplace Behavior [ RunTime:0.002000s ]
INFO: Run TokenBuild Behavior [ RunTime:0.001000s ]
INFO: Run WriteHtmlCache Behavior [ RunTime:0.002001s ]
INFO: Run ShowRuntime Behavior [ RunTime:0.001000s ]
INFO: [ view_filter ] --END-- [ RunTime:0.007001s ]
INFO: [ view_end ] --START--
INFO: Run ShowPageTrace Behavior [ RunTime:0.002000s ]
INFO: [ view_end ] --END-- [ RunTime:0.002000s ]

[ 2014-03-01T18:01:08+08:00 ] 127.0.0.1 /votee/index.php/Index/personal
INFO: [ route_check ] --START--
INFO: Run CheckRoute Behavior [ RunTime:0.002000s ]
INFO: [ route_check ] --END-- [ RunTime:0.002000s ]
INFO: [ app_begin ] --START--
INFO: Run ReadHtmlCache Behavior [ RunTime:0.002000s ]
INFO: [ app_begin ] --END-- [ RunTime:0.002000s ]
SQL: SHOW COLUMNS FROM `t_volunteer` [ RunTime:0.005000s ]
SQL: SELECT * FROM `t_volunteer` WHERE ( volunteer_id='ZYBS20140192' ) LIMIT 1   [ RunTime:0.001000s ]
INFO: [ view_template ] --START--
INFO: Run LocationTemplate Behavior [ RunTime:0.003001s ]
INFO: [ view_template ] --END-- [ RunTime:0.003001s ]
INFO: [ view_parse ] --START--
NOTIC: [8] Undefined variable: res D:\Weixin\Wefigshop\weixin\votee\home\Runtime\Cache\9815dd2e9b077b3e809c5f3fd1326b94.php 第 133 行.
NOTIC: [8] Undefined variable: res D:\Weixin\Wefigshop\weixin\votee\home\Runtime\Cache\9815dd2e9b077b3e809c5f3fd1326b94.php 第 140 行.
NOTIC: [8] Undefined variable: res D:\Weixin\Wefigshop\weixin\votee\home\Runtime\Cache\9815dd2e9b077b3e809c5f3fd1326b94.php 第 146 行.
NOTIC: [8] Undefined variable: res D:\Weixin\Wefigshop\weixin\votee\home\Runtime\Cache\9815dd2e9b077b3e809c5f3fd1326b94.php 第 152 行.
NOTIC: [8] Undefined variable: res D:\Weixin\Wefigshop\weixin\votee\home\Runtime\Cache\9815dd2e9b077b3e809c5f3fd1326b94.php 第 157 行.
NOTIC: [8] Undefined variable: res D:\Weixin\Wefigshop\weixin\votee\home\Runtime\Cache\9815dd2e9b077b3e809c5f3fd1326b94.php 第 162 行.
NOTIC: [8] Undefined variable: res D:\Weixin\Wefigshop\weixin\votee\home\Runtime\Cache\9815dd2e9b077b3e809c5f3fd1326b94.php 第 167 行.
NOTIC: [8] Undefined variable: res D:\Weixin\Wefigshop\weixin\votee\home\Runtime\Cache\9815dd2e9b077b3e809c5f3fd1326b94.php 第 172 行.
NOTIC: [8] Undefined variable: res D:\Weixin\Wefigshop\weixin\votee\home\Runtime\Cache\9815dd2e9b077b3e809c5f3fd1326b94.php 第 177 行.
NOTIC: [8] Undefined variable: my_act D:\Weixin\Wefigshop\weixin\votee\home\Runtime\Cache\9815dd2e9b077b3e809c5f3fd1326b94.php 第 189 行.
INFO: Run ParseTemplate Behavior [ RunTime:0.026001s ]
INFO: [ view_parse ] --END-- [ RunTime:0.026001s ]
INFO: [ view_filter ] --START--
INFO: Run ContentReplace Behavior [ RunTime:0.002000s ]
INFO: Run TokenBuild Behavior [ RunTime:0.001000s ]
INFO: Run WriteHtmlCache Behavior [ RunTime:0.001000s ]
INFO: Run ShowRuntime Behavior [ RunTime:0.002000s ]
INFO: [ view_filter ] --END-- [ RunTime:0.007000s ]
INFO: [ view_end ] --START--
INFO: Run ShowPageTrace Behavior [ RunTime:0.002001s ]
INFO: [ view_end ] --END-- [ RunTime:0.002001s ]

[ 2014-03-01T18:01:13+08:00 ] 127.0.0.1 /votee/index.php/Index/personal
INFO: [ route_check ] --START--
INFO: Run CheckRoute Behavior [ RunTime:0.002000s ]
INFO: [ route_check ] --END-- [ RunTime:0.002000s ]
INFO: [ app_begin ] --START--
INFO: Run ReadHtmlCache Behavior [ RunTime:0.001000s ]
INFO: [ app_begin ] --END-- [ RunTime:0.002000s ]
SQL: SHOW COLUMNS FROM `t_volunteer` [ RunTime:0.005000s ]
SQL: SELECT * FROM `t_volunteer` WHERE ( volunteer_id='ZYBS20140192' ) LIMIT 1   [ RunTime:0.001000s ]
INFO: [ view_template ] --START--
INFO: Run LocationTemplate Behavior [ RunTime:0.003001s ]
INFO: [ view_template ] --END-- [ RunTime:0.003001s ]
INFO: [ view_parse ] --START--
NOTIC: [8] Undefined variable: res D:\Weixin\Wefigshop\weixin\votee\home\Runtime\Cache\9815dd2e9b077b3e809c5f3fd1326b94.php 第 133 行.
NOTIC: [8] Undefined variable: res D:\Weixin\Wefigshop\weixin\votee\home\Runtime\Cache\9815dd2e9b077b3e809c5f3fd1326b94.php 第 140 行.
NOTIC: [8] Undefined variable: res D:\Weixin\Wefigshop\weixin\votee\home\Runtime\Cache\9815dd2e9b077b3e809c5f3fd1326b94.php 第 146 行.
NOTIC: [8] Undefined variable: res D:\Weixin\Wefigshop\weixin\votee\home\Runtime\Cache\9815dd2e9b077b3e809c5f3fd1326b94.php 第 152 行.
NOTIC: [8] Undefined variable: res D:\Weixin\Wefigshop\weixin\votee\home\Runtime\Cache\9815dd2e9b077b3e809c5f3fd1326b94.php 第 157 行.
NOTIC: [8] Undefined variable: res D:\Weixin\Wefigshop\weixin\votee\home\Runtime\Cache\9815dd2e9b077b3e809c5f3fd1326b94.php 第 162 行.
NOTIC: [8] Undefined variable: res D:\Weixin\Wefigshop\weixin\votee\home\Runtime\Cache\9815dd2e9b077b3e809c5f3fd1326b94.php 第 167 行.
NOTIC: [8] Undefined variable: res D:\Weixin\Wefigshop\weixin\votee\home\Runtime\Cache\9815dd2e9b077b3e809c5f3fd1326b94.php 第 172 行.
NOTIC: [8] Undefined variable: res D:\Weixin\Wefigshop\weixin\votee\home\Runtime\Cache\9815dd2e9b077b3e809c5f3fd1326b94.php 第 177 行.
NOTIC: [8] Undefined variable: my_act D:\Weixin\Wefigshop\weixin\votee\home\Runtime\Cache\9815dd2e9b077b3e809c5f3fd1326b94.php 第 189 行.
INFO: Run ParseTemplate Behavior [ RunTime:0.026001s ]
INFO: [ view_parse ] --END-- [ RunTime:0.027001s ]
INFO: [ view_filter ] --START--
INFO: Run ContentReplace Behavior [ RunTime:0.001000s ]
INFO: Run TokenBuild Behavior [ RunTime:0.001000s ]
INFO: Run WriteHtmlCache Behavior [ RunTime:0.001000s ]
INFO: Run ShowRuntime Behavior [ RunTime:0.002001s ]
INFO: [ view_filter ] --END-- [ RunTime:0.006001s ]
INFO: [ view_end ] --START--
INFO: Run ShowPageTrace Behavior [ RunTime:0.002000s ]
INFO: [ view_end ] --END-- [ RunTime:0.002000s ]

[ 2014-03-01T18:01:15+08:00 ] 127.0.0.1 /votee/index.php/Contents/article_list?type=2
INFO: [ route_check ] --START--
INFO: Run CheckRoute Behavior [ RunTime:0.002000s ]
INFO: [ route_check ] --END-- [ RunTime:0.002000s ]
INFO: [ app_begin ] --START--
INFO: Run ReadHtmlCache Behavior [ RunTime:0.002000s ]
INFO: [ app_begin ] --END-- [ RunTime:0.002000s ]
SQL: SHOW COLUMNS FROM `t_contents` [ RunTime:0.005000s ]
SQL: SELECT * FROM `t_contents` WHERE ( type=2 ) ORDER BY add_time DESC  [ RunTime:0.001000s ]
INFO: [ view_template ] --START--
INFO: Run LocationTemplate Behavior [ RunTime:0.003001s ]
INFO: [ view_template ] --END-- [ RunTime:0.003001s ]
INFO: [ view_parse ] --START--
INFO: Run ParseTemplate Behavior [ RunTime:0.034002s ]
INFO: [ view_parse ] --END-- [ RunTime:0.034002s ]
INFO: [ view_filter ] --START--
INFO: Run ContentReplace Behavior [ RunTime:0.002000s ]
INFO: Run TokenBuild Behavior [ RunTime:0.002000s ]
INFO: Run WriteHtmlCache Behavior [ RunTime:0.001000s ]
INFO: Run ShowRuntime Behavior [ RunTime:0.002000s ]
INFO: [ view_filter ] --END-- [ RunTime:0.007000s ]
INFO: [ view_end ] --START--
INFO: Run ShowPageTrace Behavior [ RunTime:0.001000s ]
INFO: [ view_end ] --END-- [ RunTime:0.002000s ]

[ 2014-03-01T18:01:21+08:00 ] 127.0.0.1 /votee/index.php/Active/newest_active
INFO: [ route_check ] --START--
INFO: Run CheckRoute Behavior [ RunTime:0.002001s ]
INFO: [ route_check ] --END-- [ RunTime:0.002001s ]
INFO: [ app_begin ] --START--
INFO: Run ReadHtmlCache Behavior [ RunTime:0.001000s ]
INFO: [ app_begin ] --END-- [ RunTime:0.002000s ]
SQL: SHOW COLUMNS FROM `t_active` [ RunTime:0.005000s ]
SQL: SELECT * FROM `t_active` ORDER BY date_time_start DESC LIMIT 5   [ RunTime:0.001000s ]
INFO: [ view_template ] --START--
INFO: Run LocationTemplate Behavior [ RunTime:0.003000s ]
INFO: [ view_template ] --END-- [ RunTime:0.003000s ]
INFO: [ view_parse ] --START--
INFO: Run ParseTemplate Behavior [ RunTime:0.022002s ]
INFO: [ view_parse ] --END-- [ RunTime:0.022002s ]
INFO: [ view_filter ] --START--
INFO: Run ContentReplace Behavior [ RunTime:0.001000s ]
INFO: Run TokenBuild Behavior [ RunTime:0.002000s ]
INFO: Run WriteHtmlCache Behavior [ RunTime:0.001000s ]
INFO: Run ShowRuntime Behavior [ RunTime:0.002000s ]
INFO: [ view_filter ] --END-- [ RunTime:0.007000s ]
INFO: [ view_end ] --START--
INFO: Run ShowPageTrace Behavior [ RunTime:0.001000s ]
INFO: [ view_end ] --END-- [ RunTime:0.003000s ]

[ 2014-03-01T18:01:25+08:00 ] 127.0.0.1 /votee/index.php/Index/personal
INFO: [ route_check ] --START--
INFO: Run CheckRoute Behavior [ RunTime:0.002000s ]
INFO: [ route_check ] --END-- [ RunTime:0.002000s ]
INFO: [ app_begin ] --START--
INFO: Run ReadHtmlCache Behavior [ RunTime:0.002000s ]
INFO: [ app_begin ] --END-- [ RunTime:0.002000s ]
SQL: SHOW COLUMNS FROM `t_volunteer` [ RunTime:0.005000s ]
SQL: SELECT * FROM `t_volunteer` WHERE ( volunteer_id='ZYBS20140192' ) LIMIT 1   [ RunTime:0.001000s ]
INFO: [ view_template ] --START--
INFO: Run LocationTemplate Behavior [ RunTime:0.003001s ]
INFO: [ view_template ] --END-- [ RunTime:0.003001s ]
INFO: [ view_parse ] --START--
NOTIC: [8] Undefined variable: res D:\Weixin\Wefigshop\weixin\votee\home\Runtime\Cache\9815dd2e9b077b3e809c5f3fd1326b94.php 第 133 行.
NOTIC: [8] Undefined variable: res D:\Weixin\Wefigshop\weixin\votee\home\Runtime\Cache\9815dd2e9b077b3e809c5f3fd1326b94.php 第 140 行.
NOTIC: [8] Undefined variable: res D:\Weixin\Wefigshop\weixin\votee\home\Runtime\Cache\9815dd2e9b077b3e809c5f3fd1326b94.php 第 146 行.
NOTIC: [8] Undefined variable: res D:\Weixin\Wefigshop\weixin\votee\home\Runtime\Cache\9815dd2e9b077b3e809c5f3fd1326b94.php 第 152 行.
NOTIC: [8] Undefined variable: res D:\Weixin\Wefigshop\weixin\votee\home\Runtime\Cache\9815dd2e9b077b3e809c5f3fd1326b94.php 第 157 行.
NOTIC: [8] Undefined variable: res D:\Weixin\Wefigshop\weixin\votee\home\Runtime\Cache\9815dd2e9b077b3e809c5f3fd1326b94.php 第 162 行.
NOTIC: [8] Undefined variable: res D:\Weixin\Wefigshop\weixin\votee\home\Runtime\Cache\9815dd2e9b077b3e809c5f3fd1326b94.php 第 167 行.
NOTIC: [8] Undefined variable: res D:\Weixin\Wefigshop\weixin\votee\home\Runtime\Cache\9815dd2e9b077b3e809c5f3fd1326b94.php 第 172 行.
NOTIC: [8] Undefined variable: res D:\Weixin\Wefigshop\weixin\votee\home\Runtime\Cache\9815dd2e9b077b3e809c5f3fd1326b94.php 第 177 行.
NOTIC: [8] Undefined variable: my_act D:\Weixin\Wefigshop\weixin\votee\home\Runtime\Cache\9815dd2e9b077b3e809c5f3fd1326b94.php 第 189 行.
INFO: Run ParseTemplate Behavior [ RunTime:0.025001s ]
INFO: [ view_parse ] --END-- [ RunTime:0.026001s ]
INFO: [ view_filter ] --START--
INFO: Run ContentReplace Behavior [ RunTime:0.002000s ]
INFO: Run TokenBuild Behavior [ RunTime:0.001000s ]
INFO: Run WriteHtmlCache Behavior [ RunTime:0.002000s ]
INFO: Run ShowRuntime Behavior [ RunTime:0.001000s ]
INFO: [ view_filter ] --END-- [ RunTime:0.007001s ]
INFO: [ view_end ] --START--
INFO: Run ShowPageTrace Behavior [ RunTime:0.002000s ]
INFO: [ view_end ] --END-- [ RunTime:0.002000s ]

[ 2014-03-01T18:01:28+08:00 ] 127.0.0.1 /votee/index.php/Contents/item_desc
INFO: [ route_check ] --START--
INFO: Run CheckRoute Behavior [ RunTime:0.002000s ]
INFO: [ route_check ] --END-- [ RunTime:0.002000s ]
INFO: [ app_begin ] --START--
INFO: Run ReadHtmlCache Behavior [ RunTime:0.002000s ]
INFO: [ app_begin ] --END-- [ RunTime:0.002000s ]
SQL: SHOW COLUMNS FROM `t_contents` [ RunTime:0.005000s ]
SQL: SELECT * FROM `t_contents` WHERE ( type=3 AND status=1 ) LIMIT 1   [ RunTime:0.000000s ]
INFO: [ view_template ] --START--
INFO: Run LocationTemplate Behavior [ RunTime:0.002000s ]
INFO: [ view_template ] --END-- [ RunTime:0.002000s ]
INFO: [ view_parse ] --START--
INFO: Run ParseTemplate Behavior [ RunTime:0.019002s ]
INFO: [ view_parse ] --END-- [ RunTime:0.019002s ]
INFO: [ view_filter ] --START--
INFO: Run ContentReplace Behavior [ RunTime:0.002000s ]
INFO: Run TokenBuild Behavior [ RunTime:0.002000s ]
INFO: Run WriteHtmlCache Behavior [ RunTime:0.001000s ]
INFO: Run ShowRuntime Behavior [ RunTime:0.002000s ]
INFO: [ view_filter ] --END-- [ RunTime:0.007000s ]
INFO: [ view_end ] --START--
INFO: Run ShowPageTrace Behavior [ RunTime:0.002000s ]
INFO: [ view_end ] --END-- [ RunTime:0.002000s ]

